Arguments: 
  /opt/homebrew/Cellar/node/19.6.0/bin/node /opt/homebrew/bin/yarn dev

PATH: 
  /Users/samsheridan/.cargo/bin:/opt/homebrew/bin:/opt/homebrew/sbin:/usr/local/bin:/usr/bin:/bin:/usr/sbin:/sbin:/usr/local/go/bin:/Library/Apple/usr/bin:/Users/samsheridan/.cargo/bin:/Users/samsheridan/opt/anaconda3/bin:/Users/samsheridan/opt/anaconda3/condabin:/opt/homebrew/bin:/opt/homebrew/sbin:/Users/samsheridan/go/bin:/usr/local/go/bin:/usr/local/smlnj/bin:/Users/samsheridan/go/bin:/usr/local/go//bin:/usr/local/smlnj/bin

Yarn version: 
  1.22.19

Node version: 
  19.6.0

Platform: 
  darwin arm64

Trace: 
  SyntaxError: /Users/samsheridan/package.json: Expected ',' or '}' after property value in JSON at position 252
      at JSON.parse (<anonymous>)
      at /opt/homebrew/lib/node_modules/yarn/lib/cli.js:1629:59
      at Generator.next (<anonymous>)
      at step (/opt/homebrew/lib/node_modules/yarn/lib/cli.js:310:30)
      at /opt/homebrew/lib/node_modules/yarn/lib/cli.js:321:13

npm manifest: 
  {
  	"name": "sam-website",
  	"version": "0.0.1",
  	"private": "true",
  	"scripts": {
  		"dev": "vite dev",
  		"build": "vite build",
  		"preview": "vite preview",
  		"check": "svelte-kit sync && svelte-check --tsconfig ./tsconfig.json",
  		"check:watch": "svelte-kit sync && svelte-check --tsconfig ./tsconfig.json --watch",
  		"lint": "prettier --plugin-search-dir . --check . && eslint .",
  		"format": "prettier --plugin-search-dir . --write ."
  	},
  	"devDependencies": {
  		"@sveltejs/adapter-auto": "^2.0.0",
  		"@sveltejs/kit": "^1.5.0",
  		"@typescript-eslint/eslint-plugin": "^5.45.0",
  		"@typescript-eslint/parser": "^5.45.0",
  		"eslint": "^8.28.0",
  		"eslint-config-prettier": "^8.5.0",
  		"eslint-plugin-svelte3": "^4.0.0",
  		"prettier": "^2.8.0",
  		"prettier-plugin-svelte": "^2.8.1",
  		"svelte": "^3.54.0",
  		"svelte-check": "^3.0.1",
  		"tslib": "^2.4.1",
  		"typescript": "^4.9.3",
  		"vite": "^4.0.0"
  	},
  	"type": "module"
  }

yarn manifest: 
  No manifest

Lockfile: 
  No lockfile
